badges
branding
bulk_email
bulk_enroll
ccx
certificates
class_dashboard
commerce
course_api
course_blocks
course_goals
courseware
coursewarehistoryextended
course_wiki
dashboard
debug
discussion
discussion_api
django_comment_client
edxnotes
email_marketing
experiments
gating
grades
instructor
instructor_analytics
instructor_task
learner_dashboard
lms_initialization
lms_xblock
lti_provider
mailing
mobile_api
notes
notification_prefs
notifier_api
oauth2_handler
program_enrollments
rss_proxy
shoppingcart
staticbook
static_template_view
student_groups
support
survey
teams
utils.py
verify_student
